


ARM Macro Assembler    Page 1 


    1 00000000         ; Print.s
    2 00000000         ; Student names: change this to your names or look very 
                       silly
    3 00000000         ; Last modification date: change this to the last modifi
                       cation date or look very silly
    4 00000000         ; Runs on TM4C123
    5 00000000         ; EE319K lab 7 device driver for any LCD
    6 00000000         ;
    7 00000000         ; As part of Lab 7, students need to implement these LCD
                       _OutDec and LCD_OutFix
    8 00000000         ; This driver assumes two low-level LCD functions
    9 00000000         ; ST7735_OutChar   outputs a single 8-bit ASCII characte
                       r
   10 00000000         ; ST7735_OutString outputs a null-terminated string 
   11 00000000         
   12 00000000                 IMPORT           ST7735_OutChar
   13 00000000                 IMPORT           ST7735_OutString
   14 00000000                 EXPORT           LCD_OutDec
   15 00000000                 EXPORT           LCD_OutFix
   16 00000000         
   17 00000000 3B9ACA00 
                       I       EQU              0x3B9ACA00
   18 00000000 0000000A 
                       TEN     EQU              0xA
   19 00000000 0000270F 
                       SPECIAL EQU              0x270F
   20 00000000 000003E8 
                       THOUSAND
                               EQU              0x3E8
   21 00000000                 PRESERVE8
   22 00000000                 AREA             |.text|, CODE, READONLY, ALIGN=
2
   23 00000000                 THUMB
   24 00000000         
   25 00000000         
   26 00000000         
   27 00000000         ;-----------------------LCD_OutDec----------------------
                       -
   28 00000000         ; Output a 32-bit number in unsigned decimal format
   29 00000000         ; Input: R0 (call by value) 32-bit unsigned number
   30 00000000         ; Output: none
   31 00000000         ; Invariables: This function must not permanently modify
                        registers R4 to R11
   32 00000000         ; R0=0,    then output "0"
   33 00000000         ; R0=3,    then output "3"
   34 00000000         ; R0=89 = #0x59, 0101   then output "89"
   35 00000000         ; R0=123,  then output "123"
   36 00000000         ; R0=9999, then output "9999"
   37 00000000         ; R0=4294967295, then output "4294967295"
   38 00000000         
   39 00000000         LCD_OutDec
   40 00000000 B430            PUSH{R4,R5}
   41 00000002 4936            LDR              R1,= I      ; 1 billion
   42 00000004 F04F 030A       LDR              R3,= TEN
   43 00000008         firstLoop
   44 00000008         
   45 00000008 FBB0 F2F1       UDIV             R2, R0, R1  ; R2= R0/I
   46 0000000C 2A00            CMP              R2, #0x00
   47 0000000E D000            BEQ              repeatAgain ; KEep going until 



ARM Macro Assembler    Page 2 


                                                            we find first numbe
                                                            r
   48 00000010 D104            BNE              printDec
   49 00000012         
   50 00000012         repeatAgain
   51 00000012 FBB1 F1F3       UDIV             R1, R1, R3  ; I=I/10
   52 00000016 2900            CMP              R1, #0x00   ; Checks if I = 0, 
                                                            last digit
   53 00000018 D000            BEQ              printDec    ; If it is, that me
                                                            ans number overall 
                                                            is 0
   54 0000001A E7F5            B                firstLoop
   55 0000001C         
   56 0000001C         printDec
   57 0000001C B401            PUSH{R0}
   58 0000001E 4610            MOV              R0, R2      ; R0 <- R2 (R0/I)
   59 00000020 F100 0030       ADD              R0, #0x30   ; Convert to ASCII
   60 00000024 B51F            PUSH{R0,R1,R2,R3,R4,LR}
   61 00000026 F7FF FFFE       BL               ST7735_OutChar
   62 0000002A E8BD 401F       POP{R0,R1,R2,R3,R4,LR}
   63 0000002E         
   64 0000002E BC01            POP{R0}
   65 00000030         ;MOV R0,R4 ; Place original R0 back into R0
   66 00000030 FB02 F401       MUL              R4, R2, R1  ; R4 <- (R0/I)*I
   67 00000034 EBA0 0004       SUB              R0, R0, R4  ; R0 = R0-(R0/I)*I
   68 00000038 FBB1 F1F3       UDIV             R1, R1, R3  ; I=I/10
   69 0000003C 2900            CMP              R1, #0x00   ; Checks if I = 0, 
                                                            last digit
   70 0000003E D002            BEQ              outDecDone
   71 00000040 FBB0 F2F1       UDIV             R2, R0, R1  ; R2 <- R0/I
   72 00000044 E7EA            B                printDec
   73 00000046         
   74 00000046         
   75 00000046         
   76 00000046         outDecDone
   77 00000046 BC30            POP{R4,R5}
   78 00000048 4770            BX               LR
   79 0000004A         
   80 0000004A         ;* * * * * * * * End of LCD_OutDec * * * * * * * *
   81 0000004A         
   82 0000004A         ; -----------------------LCD _OutFix--------------------
                       --
   83 0000004A         ; Output characters to LCD display in fixed-point format
                       
   84 0000004A         ; unsigned decimal, resolution 0.001, range 0.000 to 9.9
                       99
   85 0000004A         ; Inputs:  R0 is an unsigned 32-bit number
   86 0000004A         ; Outputs: none
   87 0000004A         ; E.g., R0=0,    then output "0.000"
   88 0000004A         ;       R0=3,    then output "0.003"
   89 0000004A         ;       R0=89,   then output "0.089"
   90 0000004A         ;       R0=123,  then output "0.123"
   91 0000004A         ;       R0=9999, then output "9.999"
   92 0000004A         ;       R0>9999, then output "*.***"
   93 0000004A         ; Invariables: This function must not permanently modify
                        registers R4 to R11
   94 0000004A         
   95 0000004A         LCD_OutFix
   96 0000004A         



ARM Macro Assembler    Page 3 


   97 0000004A F44F 717A       LDR              R1,= THOUSAND
   98 0000004E F04F 0204       MOV              R2, #4
   99 00000052 F242 730F       LDR              R3,= SPECIAL
  100 00000056 F04F 050A       LDR              R5,= TEN
  101 0000005A         
  102 0000005A 4298            CMP              R0, R3
  103 0000005C D824            BHI              specialCondition
  104 0000005E         
  105 0000005E 2A00    fixCheck
                               CMP              R2, #0x00   ; Counter 4 digits
  106 00000060 DB3A            BLT              doneLCD     ; If its less than,
                                                             finished printing
  107 00000062 2A03            CMP              R2, #0x03   ; Check if it needs
                                                             to print decimal
  108 00000064 D014            BEQ              fixDecimal
  109 00000066         
  110 00000066 B401            PUSH{R0}                     ; push original R0 
                                                            on stack
  111 00000068 FBB0 F0F1       UDIV             R0, R0, R1  ; R0 = R0/I
  112 0000006C 4606            MOV              R6, R0      ; R6<- R0
  113 0000006E FB00 F601       MUL              R6, R0, R1  ; R6<- R0*I
  114 00000072 F100 0030       ADD              R0, #0x30   ; Convert to ASCII
  115 00000076 B51F            PUSH{R0,R1,R2,R3,R4,LR}
  116 00000078 F7FF FFFE       BL               ST7735_OutChar
  117 0000007C E8BD 401F       POP{R0,R1,R2,R3,R4,LR}
  118 00000080         
  119 00000080 BC01            POP{R0}
  120 00000082         
  121 00000082 FBB1 F1F5       UDIV             R1, R1, R5  ; R1 = R1/10
  122 00000086 EBA0 0006       SUB              R0, R0, R6  ; R0=R0-(R0/R1)*R1
  123 0000008A F1A2 0201       SUB              R2, #0x01   ; Decrement
  124 0000008E E7E6            B                fixCheck
  125 00000090         
  126 00000090         fixDecimal
  127 00000090 B401            PUSH{R0}
  128 00000092 F04F 002E       MOV              R0, #0x2E
  129 00000096 B51F            PUSH{R0,R1,R2,R3,R4,LR}
  130 00000098 F7FF FFFE       BL               ST7735_OutChar
  131 0000009C E8BD 401F       POP{R0,R1,R2,R3,R4,LR}
  132 000000A0 F1A2 0201       SUB              R2, #0x01
  133 000000A4 BC01            POP{R0}
  134 000000A6 E7DA            B                fixCheck
  135 000000A8         
  136 000000A8         specialCondition
  137 000000A8 2A00    specialCheck
                               CMP              R2, #0x00
  138 000000AA DB15            BLT              doneLCD
  139 000000AC 2A03            CMP              R2, #0x03
  140 000000AE D009            BEQ              specDec
  141 000000B0 F04F 002A       MOV              R0, #0x2A
  142 000000B4 B51F            PUSH{R0,R1,R2,R3,R4,LR}
  143 000000B6 F7FF FFFE       BL               ST7735_OutChar
  144 000000BA E8BD 401F       POP{R0,R1,R2,R3,R4,LR}
  145 000000BE F1A2 0201       SUB              R2, #0x01
  146 000000C2 E7F1            B                specialCheck
  147 000000C4 F04F 002E 
                       specDec MOV              R0, #0x2E
  148 000000C8 B51F            PUSH{R0,R1,R2,R3,R4,LR}
  149 000000CA F7FF FFFE       BL               ST7735_OutChar



ARM Macro Assembler    Page 4 


  150 000000CE E8BD 401F       POP{R0,R1,R2,R3,R4,LR}
  151 000000D2 F1A2 0201       SUB              R2, #0x01
  152 000000D6 E7E7            B                specialCheck
  153 000000D8         
  154 000000D8 4770    doneLCD BX               LR
  155 000000DA         
  156 000000DA 00 00           ALIGN
  157 000000DC         ;* * * * * * * * End of LCD_OutFix * * * * * * * *
  158 000000DC         
  159 000000DC                 ALIGN                        ; make sure the end
                                                             of this section is
                                                             aligned
  160 000000DC                 END                          ; end of file
              3B9ACA00 
Command Line: --debug --xref --diag_suppress=9931 --cpu=Cortex-M4 --apcs=interw
ork --depend=.\print.d -o.\print.o -I.\RTE\_Lab8 -IC:\Users\kylet\AppData\Local
\Arm\Packs\ARM\CMSIS\5.8.0\CMSIS\Core\Include -IC:\Users\kylet\AppData\Local\Ar
m\Packs\Keil\TM4C_DFP\1.1.0\Device\Include\TM4C123 --predefine="__EVAL SETA 1" 
--predefine="__UVISION_VERSION SETA 536" --predefine="_RTE_ SETA 1" --predefine
="TM4C123GH6PM SETA 1" --predefine="_RTE_ SETA 1" --list=.\print.lst Print.s



ARM Macro Assembler    Page 1 Alphabetic symbol ordering
Relocatable symbols

.text 00000000

Symbol: .text
   Definitions
      At line 22 in file Print.s
   Uses
      None
Comment: .text unused
LCD_OutDec 00000000

Symbol: LCD_OutDec
   Definitions
      At line 39 in file Print.s
   Uses
      At line 14 in file Print.s
Comment: LCD_OutDec used once
LCD_OutFix 0000004A

Symbol: LCD_OutFix
   Definitions
      At line 95 in file Print.s
   Uses
      At line 15 in file Print.s
Comment: LCD_OutFix used once
doneLCD 000000D8

Symbol: doneLCD
   Definitions
      At line 154 in file Print.s
   Uses
      At line 106 in file Print.s
      At line 138 in file Print.s

firstLoop 00000008

Symbol: firstLoop
   Definitions
      At line 43 in file Print.s
   Uses
      At line 54 in file Print.s
Comment: firstLoop used once
fixCheck 0000005E

Symbol: fixCheck
   Definitions
      At line 105 in file Print.s
   Uses
      At line 124 in file Print.s
      At line 134 in file Print.s

fixDecimal 00000090

Symbol: fixDecimal
   Definitions
      At line 126 in file Print.s
   Uses
      At line 108 in file Print.s
Comment: fixDecimal used once
outDecDone 00000046



ARM Macro Assembler    Page 2 Alphabetic symbol ordering
Relocatable symbols


Symbol: outDecDone
   Definitions
      At line 76 in file Print.s
   Uses
      At line 70 in file Print.s
Comment: outDecDone used once
printDec 0000001C

Symbol: printDec
   Definitions
      At line 56 in file Print.s
   Uses
      At line 48 in file Print.s
      At line 53 in file Print.s
      At line 72 in file Print.s

repeatAgain 00000012

Symbol: repeatAgain
   Definitions
      At line 50 in file Print.s
   Uses
      At line 47 in file Print.s
Comment: repeatAgain used once
specDec 000000C4

Symbol: specDec
   Definitions
      At line 147 in file Print.s
   Uses
      At line 140 in file Print.s
Comment: specDec used once
specialCheck 000000A8

Symbol: specialCheck
   Definitions
      At line 137 in file Print.s
   Uses
      At line 146 in file Print.s
      At line 152 in file Print.s

specialCondition 000000A8

Symbol: specialCondition
   Definitions
      At line 136 in file Print.s
   Uses
      At line 103 in file Print.s
Comment: specialCondition used once
13 symbols



ARM Macro Assembler    Page 1 Alphabetic symbol ordering
Absolute symbols

I 3B9ACA00

Symbol: I
   Definitions
      At line 17 in file Print.s
   Uses
      At line 41 in file Print.s
Comment: I used once
SPECIAL 0000270F

Symbol: SPECIAL
   Definitions
      At line 19 in file Print.s
   Uses
      At line 99 in file Print.s
Comment: SPECIAL used once
TEN 0000000A

Symbol: TEN
   Definitions
      At line 18 in file Print.s
   Uses
      At line 42 in file Print.s
      At line 100 in file Print.s

THOUSAND 000003E8

Symbol: THOUSAND
   Definitions
      At line 20 in file Print.s
   Uses
      At line 97 in file Print.s
Comment: THOUSAND used once
4 symbols



ARM Macro Assembler    Page 1 Alphabetic symbol ordering
External symbols

ST7735_OutChar 00000000

Symbol: ST7735_OutChar
   Definitions
      At line 12 in file Print.s
   Uses
      At line 61 in file Print.s
      At line 116 in file Print.s
      At line 130 in file Print.s
      At line 143 in file Print.s
      At line 149 in file Print.s

ST7735_OutString 00000000

Symbol: ST7735_OutString
   Definitions
      At line 13 in file Print.s
   Uses
      None
Comment: ST7735_OutString unused
2 symbols
355 symbols in table
